<?xml version="1.0" encoding="UTF-8"?>
<testng-results ignored="0" total="1" passed="1" failed="0" skipped="0">
  <reporter-output>
  </reporter-output>
  <suite started-at="2022-05-22T18:43:43 IST" name="Default suite" finished-at="2022-05-22T18:44:03 IST" duration-ms="20169">
    <groups>
    </groups>
    <test started-at="2022-05-22T18:43:43 IST" name="Default test" finished-at="2022-05-22T18:44:03 IST" duration-ms="20169">
      <class name="pomClass.FindBy_Annotation">
        <test-method signature="login()[pri:0, instance:pomClass.FindBy_Annotation@60d8c9b7]" started-at="2022-05-22T18:43:43 IST" name="login" finished-at="2022-05-22T18:44:03 IST" duration-ms="20121" status="PASS">
          <reporter-output>
          </reporter-output>
        </test-method> <!-- login -->
      </class> <!-- pomClass.FindBy_Annotation -->
    </test> <!-- Default test -->
  </suite> <!-- Default suite -->
</testng-results>
